This file contains any messages produced by compilers while
running configure, to aid debugging if configure makes a mistake.

It was created by imedia_rtsp configure 0.1.00, which was
generated by GNU Autoconf 2.69.  Invocation command line was

  $ /home/tangcheng/devel/hi3516c/sources/imedia_rtsp/configure --enable-maintainer-mode

## --------- ##
## Platform. ##
## --------- ##

hostname = localhost.localdomain
uname -m = x86_64
uname -r = 3.16.4-200.fc20.x86_64
uname -s = Linux
uname -v = #1 SMP Mon Oct 6 12:57:00 UTC 2014

/usr/bin/uname -p = x86_64
/bin/uname -X     = unknown

/bin/arch              = x86_64
/usr/bin/arch -k       = unknown
/usr/convex/getsysinfo = unknown
/usr/bin/hostinfo      = unknown
/bin/machine           = unknown
/usr/bin/oslevel       = unknown
/bin/universe          = unknown

PATH: /usr/lib64/qt-3.3/bin
PATH: /usr/local/bin
PATH: /usr/bin
PATH: /bin
PATH: /home/tangcheng/bin
PATH: /usr/local/sbin
PATH: /usr/sbin


## ----------- ##
## Core tests. ##
## ----------- ##

configure:2327: checking for a BSD-compatible install
configure:2395: result: /usr/bin/install -c
configure:2406: checking whether build environment is sane
configure:2461: result: yes
configure:2612: checking for a thread-safe mkdir -p
configure:2651: result: /usr/bin/mkdir -p
configure:2658: checking for gawk
configure:2674: found /usr/bin/gawk
configure:2685: result: gawk
configure:2696: checking whether make sets $(MAKE)
configure:2718: result: yes
configure:2747: checking whether make supports nested variables
configure:2764: result: yes
configure:2860: checking whether make supports nested variables
configure:2877: result: yes
configure:2937: checking for gcc
configure:2953: found /usr/bin/gcc
configure:2964: result: gcc
configure:3193: checking for C compiler version
configure:3202: gcc --version >&5
gcc (GCC) 4.8.3 20140911 (Red Hat 4.8.3-7)
Copyright (C) 2013 Free Software Foundation, Inc.
This is free software; see the source for copying conditions.  There is NO
warranty; not even for MERCHANTABILITY or FITNESS FOR A PARTICULAR PURPOSE.

configure:3213: $? = 0
configure:3202: gcc -v >&5
Using built-in specs.
COLLECT_GCC=gcc
COLLECT_LTO_WRAPPER=/usr/libexec/gcc/x86_64-redhat-linux/4.8.3/lto-wrapper
Target: x86_64-redhat-linux
Configured with: ../configure --prefix=/usr --mandir=/usr/share/man --infodir=/usr/share/info --with-bugurl=http://bugzilla.redhat.com/bugzilla --enable-bootstrap --enable-shared --enable-threads=posix --enable-checking=release --with-system-zlib --enable-__cxa_atexit --disable-libunwind-exceptions --enable-gnu-unique-object --enable-linker-build-id --with-linker-hash-style=gnu --enable-languages=c,c++,objc,obj-c++,java,fortran,ada,go,lto --enable-plugin --enable-initfini-array --enable-java-awt=gtk --disable-dssi --with-java-home=/usr/lib/jvm/java-1.5.0-gcj-1.5.0.0/jre --enable-libgcj-multifile --enable-java-maintainer-mode --with-ecj-jar=/usr/share/java/eclipse-ecj.jar --disable-libjava-multilib --with-isl=/builddir/build/BUILD/gcc-4.8.3-20140911/obj-x86_64-redhat-linux/isl-install --with-cloog=/builddir/build/BUILD/gcc-4.8.3-20140911/obj-x86_64-redhat-linux/cloog-install --with-tune=generic --with-arch_32=i686 --build=x86_64-redhat-linux
Thread model: posix
gcc version 4.8.3 20140911 (Red Hat 4.8.3-7) (GCC) 
configure:3213: $? = 0
configure:3202: gcc -V >&5
gcc: error: unrecognized command line option '-V'
gcc: fatal error: no input files
compilation terminated.
configure:3213: $? = 4
configure:3202: gcc -qversion >&5
gcc: error: unrecognized command line option '-qversion'
gcc: fatal error: no input files
compilation terminated.
configure:3213: $? = 4
configure:3233: checking whether the C compiler works
configure:3255: gcc    conftest.c  >&5
configure:3259: $? = 0
configure:3307: result: yes
configure:3310: checking for C compiler default output file name
configure:3312: result: a.out
configure:3318: checking for suffix of executables
configure:3325: gcc -o conftest    conftest.c  >&5
configure:3329: $? = 0
configure:3351: result: 
configure:3373: checking whether we are cross compiling
configure:3381: gcc -o conftest    conftest.c  >&5
configure:3385: $? = 0
configure:3392: ./conftest
configure:3396: $? = 0
configure:3411: result: no
configure:3416: checking for suffix of object files
configure:3438: gcc -c   conftest.c >&5
configure:3442: $? = 0
configure:3463: result: o
configure:3467: checking whether we are using the GNU C compiler
configure:3486: gcc -c   conftest.c >&5
configure:3486: $? = 0
configure:3495: result: yes
configure:3504: checking whether gcc accepts -g
configure:3524: gcc -c -g  conftest.c >&5
configure:3524: $? = 0
configure:3565: result: yes
configure:3582: checking for gcc option to accept ISO C89
configure:3645: gcc  -c -g -O2  conftest.c >&5
configure:3645: $? = 0
configure:3658: result: none needed
configure:3689: checking for style of include used by make
configure:3717: result: GNU
configure:3743: checking dependency style of gcc
configure:3854: result: gcc3
configure:3871: checking whether gcc and cc understand -c and -o together
configure:3902: gcc -c conftest.c -o conftest2.o >&5
configure:3906: $? = 0
configure:3912: gcc -c conftest.c -o conftest2.o >&5
configure:3916: $? = 0
configure:3927: cc -c conftest.c >&5
configure:3931: $? = 0
configure:3939: cc -c conftest.c -o conftest2.o >&5
configure:3943: $? = 0
configure:3949: cc -c conftest.c -o conftest2.o >&5
configure:3953: $? = 0
configure:3971: result: yes
configure:4055: checking for g++
configure:4071: found /usr/bin/g++
configure:4082: result: g++
configure:4109: checking for C++ compiler version
configure:4118: g++ --version >&5
g++ (GCC) 4.8.3 20140911 (Red Hat 4.8.3-7)
Copyright (C) 2013 Free Software Foundation, Inc.
This is free software; see the source for copying conditions.  There is NO
warranty; not even for MERCHANTABILITY or FITNESS FOR A PARTICULAR PURPOSE.

configure:4129: $? = 0
configure:4118: g++ -v >&5
Using built-in specs.
COLLECT_GCC=g++
COLLECT_LTO_WRAPPER=/usr/libexec/gcc/x86_64-redhat-linux/4.8.3/lto-wrapper
Target: x86_64-redhat-linux
Configured with: ../configure --prefix=/usr --mandir=/usr/share/man --infodir=/usr/share/info --with-bugurl=http://bugzilla.redhat.com/bugzilla --enable-bootstrap --enable-shared --enable-threads=posix --enable-checking=release --with-system-zlib --enable-__cxa_atexit --disable-libunwind-exceptions --enable-gnu-unique-object --enable-linker-build-id --with-linker-hash-style=gnu --enable-languages=c,c++,objc,obj-c++,java,fortran,ada,go,lto --enable-plugin --enable-initfini-array --enable-java-awt=gtk --disable-dssi --with-java-home=/usr/lib/jvm/java-1.5.0-gcj-1.5.0.0/jre --enable-libgcj-multifile --enable-java-maintainer-mode --with-ecj-jar=/usr/share/java/eclipse-ecj.jar --disable-libjava-multilib --with-isl=/builddir/build/BUILD/gcc-4.8.3-20140911/obj-x86_64-redhat-linux/isl-install --with-cloog=/builddir/build/BUILD/gcc-4.8.3-20140911/obj-x86_64-redhat-linux/cloog-install --with-tune=generic --with-arch_32=i686 --build=x86_64-redhat-linux
Thread model: posix
gcc version 4.8.3 20140911 (Red Hat 4.8.3-7) (GCC) 
configure:4129: $? = 0
configure:4118: g++ -V >&5
g++: error: unrecognized command line option '-V'
g++: fatal error: no input files
compilation terminated.
configure:4129: $? = 4
configure:4118: g++ -qversion >&5
g++: error: unrecognized command line option '-qversion'
g++: fatal error: no input files
compilation terminated.
configure:4129: $? = 4
configure:4133: checking whether we are using the GNU C++ compiler
configure:4152: g++ -c   conftest.cpp >&5
configure:4152: $? = 0
configure:4161: result: yes
configure:4170: checking whether g++ accepts -g
configure:4190: g++ -c -g  conftest.cpp >&5
configure:4190: $? = 0
configure:4231: result: yes
configure:4256: checking dependency style of g++
configure:4367: result: gcc3
configure:4418: checking build system type
configure:4432: result: x86_64-unknown-linux-gnu
configure:4452: checking host system type
configure:4465: result: x86_64-unknown-linux-gnu
configure:4506: checking how to print strings
configure:4533: result: printf
configure:4554: checking for a sed that does not truncate output
configure:4618: result: /usr/bin/sed
configure:4636: checking for grep that handles long lines and -e
configure:4694: result: /usr/bin/grep
configure:4699: checking for egrep
configure:4761: result: /usr/bin/grep -E
configure:4766: checking for fgrep
configure:4828: result: /usr/bin/grep -F
configure:4863: checking for ld used by gcc
configure:4930: result: /usr/bin/ld
configure:4937: checking if the linker (/usr/bin/ld) is GNU ld
configure:4952: result: yes
configure:4964: checking for BSD- or MS-compatible name lister (nm)
configure:5013: result: /usr/bin/nm -B
configure:5143: checking the name lister (/usr/bin/nm -B) interface
configure:5150: gcc -c -g -O2  conftest.c >&5
configure:5153: /usr/bin/nm -B "conftest.o"
configure:5156: output
0000000000000000 B some_variable
configure:5163: result: BSD nm
configure:5166: checking whether ln -s works
configure:5170: result: yes
configure:5178: checking the maximum length of command line arguments
configure:5308: result: 1572864
configure:5325: checking whether the shell understands some XSI constructs
configure:5335: result: yes
configure:5339: checking whether the shell understands "+="
configure:5345: result: yes
configure:5380: checking how to convert x86_64-unknown-linux-gnu file names to x86_64-unknown-linux-gnu format
configure:5420: result: func_convert_file_noop
configure:5427: checking how to convert x86_64-unknown-linux-gnu file names to toolchain format
configure:5447: result: func_convert_file_noop
configure:5454: checking for /usr/bin/ld option to reload object files
configure:5461: result: -r
configure:5535: checking for objdump
configure:5551: found /usr/bin/objdump
configure:5562: result: objdump
configure:5594: checking how to recognize dependent libraries
configure:5796: result: pass_all
configure:5881: checking for dlltool
configure:5911: result: no
configure:5941: checking how to associate runtime and link libraries
configure:5968: result: printf %s\n
configure:6029: checking for ar
configure:6045: found /usr/bin/ar
configure:6056: result: ar
configure:6093: checking for archiver @FILE support
configure:6110: gcc -c -g -O2  conftest.c >&5
configure:6110: $? = 0
configure:6113: ar cru libconftest.a @conftest.lst >&5
configure:6116: $? = 0
configure:6121: ar cru libconftest.a @conftest.lst >&5
ar: conftest.o: No such file or directory
configure:6124: $? = 1
configure:6136: result: @
configure:6194: checking for strip
configure:6210: found /usr/bin/strip
configure:6221: result: strip
configure:6293: checking for ranlib
configure:6309: found /usr/bin/ranlib
configure:6320: result: ranlib
configure:6422: checking command to parse /usr/bin/nm -B output from gcc object
configure:6542: gcc -c -g -O2  conftest.c >&5
configure:6545: $? = 0
configure:6549: /usr/bin/nm -B conftest.o \| sed -n -e 's/^.*[ ]\([ABCDGIRSTW][ABCDGIRSTW]*\)[ ][ ]*\([_A-Za-z][_A-Za-z0-9]*\)$/\1 \2 \2/p' | sed '/ __gnu_lto/d' \> conftest.nm
configure:6552: $? = 0
configure:6618: gcc -o conftest -g -O2   conftest.c conftstm.o >&5
configure:6621: $? = 0
configure:6659: result: ok
configure:6696: checking for sysroot
configure:6726: result: no
configure:6803: gcc -c -g -O2  conftest.c >&5
configure:6806: $? = 0
configure:6988: checking for mt
configure:7018: result: no
configure:7038: checking if : is a manifest tool
configure:7044: : '-?'
configure:7052: result: no
configure:7694: checking how to run the C preprocessor
configure:7725: gcc -E  conftest.c
configure:7725: $? = 0
configure:7739: gcc -E  conftest.c
conftest.c:11:28: fatal error: ac_nonexistent.h: No such file or directory
 #include <ac_nonexistent.h>
                            ^
compilation terminated.
configure:7739: $? = 1
configure: failed program was:
| /* confdefs.h */
| #define PACKAGE_NAME "imedia_rtsp"
| #define PACKAGE_TARNAME "imedia_rtsp"
| #define PACKAGE_VERSION "0.1.00"
| #define PACKAGE_STRING "imedia_rtsp 0.1.00"
| #define PACKAGE_BUGREPORT ""
| #define PACKAGE_URL ""
| #define PACKAGE "imedia_rtsp"
| #define VERSION "0.1.00"
| /* end confdefs.h.  */
| #include <ac_nonexistent.h>
configure:7764: result: gcc -E
configure:7784: gcc -E  conftest.c
configure:7784: $? = 0
configure:7798: gcc -E  conftest.c
conftest.c:11:28: fatal error: ac_nonexistent.h: No such file or directory
 #include <ac_nonexistent.h>
                            ^
compilation terminated.
configure:7798: $? = 1
configure: failed program was:
| /* confdefs.h */
| #define PACKAGE_NAME "imedia_rtsp"
| #define PACKAGE_TARNAME "imedia_rtsp"
| #define PACKAGE_VERSION "0.1.00"
| #define PACKAGE_STRING "imedia_rtsp 0.1.00"
| #define PACKAGE_BUGREPORT ""
| #define PACKAGE_URL ""
| #define PACKAGE "imedia_rtsp"
| #define VERSION "0.1.00"
| /* end confdefs.h.  */
| #include <ac_nonexistent.h>
configure:7827: checking for ANSI C header files
configure:7847: gcc -c -g -O2  conftest.c >&5
configure:7847: $? = 0
configure:7920: gcc -o conftest -g -O2   conftest.c  >&5
configure:7920: $? = 0
configure:7920: ./conftest
configure:7920: $? = 0
configure:7931: result: yes
configure:7944: checking for sys/types.h
configure:7944: gcc -c -g -O2  conftest.c >&5
configure:7944: $? = 0
configure:7944: result: yes
configure:7944: checking for sys/stat.h
configure:7944: gcc -c -g -O2  conftest.c >&5
configure:7944: $? = 0
configure:7944: result: yes
configure:7944: checking for stdlib.h
configure:7944: gcc -c -g -O2  conftest.c >&5
configure:7944: $? = 0
configure:7944: result: yes
configure:7944: checking for string.h
configure:7944: gcc -c -g -O2  conftest.c >&5
configure:7944: $? = 0
configure:7944: result: yes
configure:7944: checking for memory.h
configure:7944: gcc -c -g -O2  conftest.c >&5
configure:7944: $? = 0
configure:7944: result: yes
configure:7944: checking for strings.h
configure:7944: gcc -c -g -O2  conftest.c >&5
configure:7944: $? = 0
configure:7944: result: yes
configure:7944: checking for inttypes.h
configure:7944: gcc -c -g -O2  conftest.c >&5
configure:7944: $? = 0
configure:7944: result: yes
configure:7944: checking for stdint.h
configure:7944: gcc -c -g -O2  conftest.c >&5
configure:7944: $? = 0
configure:7944: result: yes
configure:7944: checking for unistd.h
configure:7944: gcc -c -g -O2  conftest.c >&5
configure:7944: $? = 0
configure:7944: result: yes
configure:7958: checking for dlfcn.h
configure:7958: gcc -c -g -O2  conftest.c >&5
configure:7958: $? = 0
configure:7958: result: yes
configure:8175: checking for objdir
configure:8190: result: .libs
configure:8457: checking if gcc supports -fno-rtti -fno-exceptions
configure:8475: gcc -c -g -O2  -fno-rtti -fno-exceptions conftest.c >&5
cc1: warning: command line option '-fno-rtti' is valid for C++/ObjC++ but not for C [enabled by default]
configure:8479: $? = 0
configure:8492: result: no
configure:8819: checking for gcc option to produce PIC
configure:8826: result: -fPIC -DPIC
configure:8834: checking if gcc PIC flag -fPIC -DPIC works
configure:8852: gcc -c -g -O2  -fPIC -DPIC -DPIC conftest.c >&5
configure:8856: $? = 0
configure:8869: result: yes
configure:8898: checking if gcc static flag -static works
configure:8926: result: no
configure:8941: checking if gcc supports -c -o file.o
configure:8962: gcc -c -g -O2  -o out/conftest2.o conftest.c >&5
configure:8966: $? = 0
configure:8988: result: yes
configure:8996: checking if gcc supports -c -o file.o
configure:9043: result: yes
configure:9076: checking whether the gcc linker (/usr/bin/ld -m elf_x86_64) supports shared libraries
configure:10229: result: yes
configure:10266: checking whether -lc should be explicitly linked in
configure:10274: gcc -c -g -O2  conftest.c >&5
configure:10277: $? = 0
configure:10292: gcc -shared  -fPIC -DPIC conftest.o  -v -Wl,-soname -Wl,conftest -o conftest 2\>\&1 \| /usr/bin/grep  -lc  \>/dev/null 2\>\&1
configure:10295: $? = 0
configure:10309: result: no
configure:10469: checking dynamic linker characteristics
configure:10980: gcc -o conftest -g -O2   -Wl,-rpath -Wl,/foo conftest.c  >&5
configure:10980: $? = 0
configure:11206: result: GNU/Linux ld.so
configure:11313: checking how to hardcode library paths into programs
configure:11338: result: immediate
configure:11878: checking whether stripping libraries is possible
configure:11883: result: yes
configure:11918: checking if libtool supports shared libraries
configure:11920: result: yes
configure:11923: checking whether to build shared libraries
configure:11944: result: yes
configure:11947: checking whether to build static libraries
configure:11951: result: yes
configure:11974: checking how to run the C++ preprocessor
configure:12001: g++ -E  conftest.cpp
configure:12001: $? = 0
configure:12015: g++ -E  conftest.cpp
conftest.cpp:23:28: fatal error: ac_nonexistent.h: No such file or directory
 #include <ac_nonexistent.h>
                            ^
compilation terminated.
configure:12015: $? = 1
configure: failed program was:
| /* confdefs.h */
| #define PACKAGE_NAME "imedia_rtsp"
| #define PACKAGE_TARNAME "imedia_rtsp"
| #define PACKAGE_VERSION "0.1.00"
| #define PACKAGE_STRING "imedia_rtsp 0.1.00"
| #define PACKAGE_BUGREPORT ""
| #define PACKAGE_URL ""
| #define PACKAGE "imedia_rtsp"
| #define VERSION "0.1.00"
| #define STDC_HEADERS 1
| #define HAVE_SYS_TYPES_H 1
| #define HAVE_SYS_STAT_H 1
| #define HAVE_STDLIB_H 1
| #define HAVE_STRING_H 1
| #define HAVE_MEMORY_H 1
| #define HAVE_STRINGS_H 1
| #define HAVE_INTTYPES_H 1
| #define HAVE_STDINT_H 1
| #define HAVE_UNISTD_H 1
| #define HAVE_DLFCN_H 1
| #define LT_OBJDIR ".libs/"
| /* end confdefs.h.  */
| #include <ac_nonexistent.h>
configure:12040: result: g++ -E
configure:12060: g++ -E  conftest.cpp
configure:12060: $? = 0
configure:12074: g++ -E  conftest.cpp
conftest.cpp:23:28: fatal error: ac_nonexistent.h: No such file or directory
 #include <ac_nonexistent.h>
                            ^
compilation terminated.
configure:12074: $? = 1
configure: failed program was:
| /* confdefs.h */
| #define PACKAGE_NAME "imedia_rtsp"
| #define PACKAGE_TARNAME "imedia_rtsp"
| #define PACKAGE_VERSION "0.1.00"
| #define PACKAGE_STRING "imedia_rtsp 0.1.00"
| #define PACKAGE_BUGREPORT ""
| #define PACKAGE_URL ""
| #define PACKAGE "imedia_rtsp"
| #define VERSION "0.1.00"
| #define STDC_HEADERS 1
| #define HAVE_SYS_TYPES_H 1
| #define HAVE_SYS_STAT_H 1
| #define HAVE_STDLIB_H 1
| #define HAVE_STRING_H 1
| #define HAVE_MEMORY_H 1
| #define HAVE_STRINGS_H 1
| #define HAVE_INTTYPES_H 1
| #define HAVE_STDINT_H 1
| #define HAVE_UNISTD_H 1
| #define HAVE_DLFCN_H 1
| #define LT_OBJDIR ".libs/"
| /* end confdefs.h.  */
| #include <ac_nonexistent.h>
configure:12243: checking for ld used by g++
configure:12310: result: /usr/bin/ld -m elf_x86_64
configure:12317: checking if the linker (/usr/bin/ld -m elf_x86_64) is GNU ld
configure:12332: result: yes
configure:12387: checking whether the g++ linker (/usr/bin/ld -m elf_x86_64) supports shared libraries
configure:13392: result: yes
configure:13428: g++ -c -g -O2  conftest.cpp >&5
configure:13431: $? = 0
configure:13951: checking for g++ option to produce PIC
configure:13958: result: -fPIC -DPIC
configure:13966: checking if g++ PIC flag -fPIC -DPIC works
configure:13984: g++ -c -g -O2  -fPIC -DPIC -DPIC conftest.cpp >&5
configure:13988: $? = 0
configure:14001: result: yes
configure:14024: checking if g++ static flag -static works
configure:14052: result: no
configure:14064: checking if g++ supports -c -o file.o
configure:14085: g++ -c -g -O2  -o out/conftest2.o conftest.cpp >&5
configure:14089: $? = 0
configure:14111: result: yes
configure:14116: checking if g++ supports -c -o file.o
configure:14163: result: yes
configure:14193: checking whether the g++ linker (/usr/bin/ld -m elf_x86_64) supports shared libraries
configure:14229: result: yes
configure:14370: checking dynamic linker characteristics
configure:15041: result: GNU/Linux ld.so
configure:15094: checking how to hardcode library paths into programs
configure:15119: result: immediate
configure:15236: checking for pkg-config
configure:15254: found /usr/bin/pkg-config
configure:15266: result: /usr/bin/pkg-config
configure:15291: checking pkg-config is at least version 0.9.0
configure:15294: result: yes
configure:15304: checking for IMEDIA_RTSP
configure:15311: $PKG_CONFIG --exists --print-errors "libzmq json-glib-1.0 glib-2.0 gobject-2.0 libipcam_base-0.1.0 freetype2 SDL2_ttf"
Package libzmq was not found in the pkg-config search path.
Perhaps you should add the directory containing `libzmq.pc'
to the PKG_CONFIG_PATH environment variable
No package 'libzmq' found
Package libipcam_base-0.1.0 was not found in the pkg-config search path.
Perhaps you should add the directory containing `libipcam_base-0.1.0.pc'
to the PKG_CONFIG_PATH environment variable
No package 'libipcam_base-0.1.0' found
Package freetype2 was not found in the pkg-config search path.
Perhaps you should add the directory containing `freetype2.pc'
to the PKG_CONFIG_PATH environment variable
No package 'freetype2' found
Package SDL2_ttf was not found in the pkg-config search path.
Perhaps you should add the directory containing `SDL2_ttf.pc'
to the PKG_CONFIG_PATH environment variable
No package 'SDL2_ttf' found
configure:15314: $? = 1
configure:15328: $PKG_CONFIG --exists --print-errors "libzmq json-glib-1.0 glib-2.0 gobject-2.0 libipcam_base-0.1.0 freetype2 SDL2_ttf"
Package libzmq was not found in the pkg-config search path.
Perhaps you should add the directory containing `libzmq.pc'
to the PKG_CONFIG_PATH environment variable
No package 'libzmq' found
Package libipcam_base-0.1.0 was not found in the pkg-config search path.
Perhaps you should add the directory containing `libipcam_base-0.1.0.pc'
to the PKG_CONFIG_PATH environment variable
No package 'libipcam_base-0.1.0' found
Package freetype2 was not found in the pkg-config search path.
Perhaps you should add the directory containing `freetype2.pc'
to the PKG_CONFIG_PATH environment variable
No package 'freetype2' found
Package SDL2_ttf was not found in the pkg-config search path.
Perhaps you should add the directory containing `SDL2_ttf.pc'
to the PKG_CONFIG_PATH environment variable
No package 'SDL2_ttf' found
configure:15331: $? = 1
configure:15345: result: no
No package 'libzmq' found
No package 'libipcam_base-0.1.0' found
No package 'freetype2' found
No package 'SDL2_ttf' found
configure:15361: error: Package requirements (libzmq json-glib-1.0 glib-2.0 gobject-2.0 libipcam_base-0.1.0 freetype2 SDL2_ttf) were not met:

No package 'libzmq' found
No package 'libipcam_base-0.1.0' found
No package 'freetype2' found
No package 'SDL2_ttf' found

Consider adjusting the PKG_CONFIG_PATH environment variable if you
installed software in a non-standard prefix.

Alternatively, you may set the environment variables IMEDIA_RTSP_CFLAGS
and IMEDIA_RTSP_LIBS to avoid the need to call pkg-config.
See the pkg-config man page for more details.

## ---------------- ##
## Cache variables. ##
## ---------------- ##

ac_cv_build=x86_64-unknown-linux-gnu
ac_cv_c_compiler_gnu=yes
ac_cv_cxx_compiler_gnu=yes
ac_cv_env_CCC_set=
ac_cv_env_CCC_value=
ac_cv_env_CC_set=
ac_cv_env_CC_value=
ac_cv_env_CFLAGS_set=
ac_cv_env_CFLAGS_value=
ac_cv_env_CPPFLAGS_set=
ac_cv_env_CPPFLAGS_value=
ac_cv_env_CPP_set=
ac_cv_env_CPP_value=
ac_cv_env_CXXCPP_set=
ac_cv_env_CXXCPP_value=
ac_cv_env_CXXFLAGS_set=
ac_cv_env_CXXFLAGS_value=
ac_cv_env_CXX_set=
ac_cv_env_CXX_value=
ac_cv_env_IMEDIA_RTSP_CFLAGS_set=
ac_cv_env_IMEDIA_RTSP_CFLAGS_value=
ac_cv_env_IMEDIA_RTSP_LIBS_set=
ac_cv_env_IMEDIA_RTSP_LIBS_value=
ac_cv_env_LDFLAGS_set=
ac_cv_env_LDFLAGS_value=
ac_cv_env_LIBS_set=
ac_cv_env_LIBS_value=
ac_cv_env_PKG_CONFIG_LIBDIR_set=
ac_cv_env_PKG_CONFIG_LIBDIR_value=
ac_cv_env_PKG_CONFIG_PATH_set=
ac_cv_env_PKG_CONFIG_PATH_value=
ac_cv_env_PKG_CONFIG_set=
ac_cv_env_PKG_CONFIG_value=
ac_cv_env_build_alias_set=
ac_cv_env_build_alias_value=
ac_cv_env_host_alias_set=
ac_cv_env_host_alias_value=
ac_cv_env_target_alias_set=
ac_cv_env_target_alias_value=
ac_cv_header_dlfcn_h=yes
ac_cv_header_inttypes_h=yes
ac_cv_header_memory_h=yes
ac_cv_header_stdc=yes
ac_cv_header_stdint_h=yes
ac_cv_header_stdlib_h=yes
ac_cv_header_string_h=yes
ac_cv_header_strings_h=yes
ac_cv_header_sys_stat_h=yes
ac_cv_header_sys_types_h=yes
ac_cv_header_unistd_h=yes
ac_cv_host=x86_64-unknown-linux-gnu
ac_cv_objext=o
ac_cv_path_EGREP='/usr/bin/grep -E'
ac_cv_path_FGREP='/usr/bin/grep -F'
ac_cv_path_GREP=/usr/bin/grep
ac_cv_path_SED=/usr/bin/sed
ac_cv_path_ac_pt_PKG_CONFIG=/usr/bin/pkg-config
ac_cv_path_install='/usr/bin/install -c'
ac_cv_path_mkdir=/usr/bin/mkdir
ac_cv_prog_AWK=gawk
ac_cv_prog_CPP='gcc -E'
ac_cv_prog_CXXCPP='g++ -E'
ac_cv_prog_ac_ct_AR=ar
ac_cv_prog_ac_ct_CC=gcc
ac_cv_prog_ac_ct_CXX=g++
ac_cv_prog_ac_ct_OBJDUMP=objdump
ac_cv_prog_ac_ct_RANLIB=ranlib
ac_cv_prog_ac_ct_STRIP=strip
ac_cv_prog_cc_c89=
ac_cv_prog_cc_g=yes
ac_cv_prog_cc_gcc_c_o=yes
ac_cv_prog_cxx_g=yes
ac_cv_prog_make_make_set=yes
am_cv_CC_dependencies_compiler_type=gcc3
am_cv_CXX_dependencies_compiler_type=gcc3
am_cv_make_support_nested_variables=yes
lt_cv_ar_at_file=@
lt_cv_archive_cmds_need_lc=no
lt_cv_deplibs_check_method=pass_all
lt_cv_file_magic_cmd='$MAGIC_CMD'
lt_cv_file_magic_test_file=
lt_cv_ld_reload_flag=-r
lt_cv_nm_interface='BSD nm'
lt_cv_objdir=.libs
lt_cv_path_LD=/usr/bin/ld
lt_cv_path_LDCXX='/usr/bin/ld -m elf_x86_64'
lt_cv_path_NM='/usr/bin/nm -B'
lt_cv_path_mainfest_tool=no
lt_cv_prog_compiler_c_o=yes
lt_cv_prog_compiler_c_o_CXX=yes
lt_cv_prog_compiler_pic='-fPIC -DPIC'
lt_cv_prog_compiler_pic_CXX='-fPIC -DPIC'
lt_cv_prog_compiler_pic_works=yes
lt_cv_prog_compiler_pic_works_CXX=yes
lt_cv_prog_compiler_rtti_exceptions=no
lt_cv_prog_compiler_static_works=no
lt_cv_prog_compiler_static_works_CXX=no
lt_cv_prog_gnu_ld=yes
lt_cv_prog_gnu_ldcxx=yes
lt_cv_sharedlib_from_linklib_cmd='printf %s\n'
lt_cv_shlibpath_overrides_runpath=no
lt_cv_sys_global_symbol_pipe='sed -n -e '\''s/^.*[	 ]\([ABCDGIRSTW][ABCDGIRSTW]*\)[	 ][	 ]*\([_A-Za-z][_A-Za-z0-9]*\)$/\1 \2 \2/p'\'' | sed '\''/ __gnu_lto/d'\'''
lt_cv_sys_global_symbol_to_c_name_address='sed -n -e '\''s/^: \([^ ]*\)[ ]*$/  {\"\1\", (void *) 0},/p'\'' -e '\''s/^[ABCDGIRSTW]* \([^ ]*\) \([^ ]*\)$/  {"\2", (void *) \&\2},/p'\'''
lt_cv_sys_global_symbol_to_c_name_address_lib_prefix='sed -n -e '\''s/^: \([^ ]*\)[ ]*$/  {\"\1\", (void *) 0},/p'\'' -e '\''s/^[ABCDGIRSTW]* \([^ ]*\) \(lib[^ ]*\)$/  {"\2", (void *) \&\2},/p'\'' -e '\''s/^[ABCDGIRSTW]* \([^ ]*\) \([^ ]*\)$/  {"lib\2", (void *) \&\2},/p'\'''
lt_cv_sys_global_symbol_to_cdecl='sed -n -e '\''s/^T .* \(.*\)$/extern int \1();/p'\'' -e '\''s/^[ABCDGIRSTW]* .* \(.*\)$/extern char \1;/p'\'''
lt_cv_sys_max_cmd_len=1572864
lt_cv_to_host_file_cmd=func_convert_file_noop
lt_cv_to_tool_file_cmd=func_convert_file_noop

## ----------------- ##
## Output variables. ##
## ----------------- ##

ACLOCAL='${SHELL} /home/tangcheng/devel/hi3516c/sources/imedia_rtsp/missing aclocal-1.13'
AMDEPBACKSLASH='\'
AMDEP_FALSE='#'
AMDEP_TRUE=''
AMTAR='$${TAR-tar}'
AM_BACKSLASH='\'
AM_DEFAULT_V='$(AM_DEFAULT_VERBOSITY)'
AM_DEFAULT_VERBOSITY='0'
AM_V='$(V)'
AR='ar'
AUTOCONF='${SHELL} /home/tangcheng/devel/hi3516c/sources/imedia_rtsp/missing autoconf'
AUTOHEADER='${SHELL} /home/tangcheng/devel/hi3516c/sources/imedia_rtsp/missing autoheader'
AUTOMAKE='${SHELL} /home/tangcheng/devel/hi3516c/sources/imedia_rtsp/missing automake-1.13'
AWK='gawk'
CC='gcc'
CCDEPMODE='depmode=gcc3'
CFLAGS='-g -O2'
CPP='gcc -E'
CPPFLAGS=''
CXX='g++'
CXXCPP='g++ -E'
CXXDEPMODE='depmode=gcc3'
CXXFLAGS='-g -O2'
CYGPATH_W='echo'
DEFS=''
DEPDIR='.deps'
DLLTOOL='false'
DSYMUTIL=''
DUMPBIN=''
ECHO_C=''
ECHO_N='-n'
ECHO_T=''
EGREP='/usr/bin/grep -E'
EXEEXT=''
FGREP='/usr/bin/grep -F'
GREP='/usr/bin/grep'
HI3516_FALSE=''
HI3516_TRUE=''
HI3518_FALSE=''
HI3518_TRUE=''
IMEDIA_RTSP_CFLAGS=''
IMEDIA_RTSP_LIBS=''
INSTALL_DATA='${INSTALL} -m 644'
INSTALL_PROGRAM='${INSTALL}'
INSTALL_SCRIPT='${INSTALL}'
INSTALL_STRIP_PROGRAM='$(install_sh) -c -s'
INTERNAL_MPP_FALSE=''
INTERNAL_MPP_TRUE=''
LD='/usr/bin/ld -m elf_x86_64'
LDFLAGS=''
LIBOBJS=''
LIBS=''
LIBTOOL='$(SHELL) $(top_builddir)/libtool'
LIPO=''
LN_S='ln -s'
LTLIBOBJS=''
MAKEINFO='${SHELL} /home/tangcheng/devel/hi3516c/sources/imedia_rtsp/missing makeinfo'
MANIFEST_TOOL=':'
MKDIR_P='/usr/bin/mkdir -p'
MPPCFLAGS=''
MPPLIBDIR=''
NM='/usr/bin/nm -B'
NMEDIT=''
OBJDUMP='objdump'
OBJEXT='o'
OTOOL64=''
OTOOL=''
PACKAGE='imedia_rtsp'
PACKAGE_BUGREPORT=''
PACKAGE_NAME='imedia_rtsp'
PACKAGE_STRING='imedia_rtsp 0.1.00'
PACKAGE_TARNAME='imedia_rtsp'
PACKAGE_URL=''
PACKAGE_VERSION='0.1.00'
PATH_SEPARATOR=':'
PKG_CONFIG='/usr/bin/pkg-config'
PKG_CONFIG_LIBDIR=''
PKG_CONFIG_PATH=''
RANLIB='ranlib'
SED='/usr/bin/sed'
SET_MAKE=''
SHELL='/bin/sh'
STRIP='strip'
VERSION='0.1.00'
ac_ct_AR='ar'
ac_ct_CC='gcc'
ac_ct_CXX='g++'
ac_ct_DUMPBIN=''
am__EXEEXT_FALSE=''
am__EXEEXT_TRUE=''
am__fastdepCC_FALSE='#'
am__fastdepCC_TRUE=''
am__fastdepCXX_FALSE='#'
am__fastdepCXX_TRUE=''
am__include='include'
am__isrc=''
am__leading_dot='.'
am__nodep='_no'
am__quote=''
am__tar='$${TAR-tar} chof - "$$tardir"'
am__untar='$${TAR-tar} xf -'
bindir='${exec_prefix}/bin'
build='x86_64-unknown-linux-gnu'
build_alias=''
build_cpu='x86_64'
build_os='linux-gnu'
build_vendor='unknown'
datadir='${datarootdir}'
datarootdir='${prefix}/share'
docdir='${datarootdir}/doc/${PACKAGE_TARNAME}'
dvidir='${docdir}'
exec_prefix='NONE'
host='x86_64-unknown-linux-gnu'
host_alias=''
host_cpu='x86_64'
host_os='linux-gnu'
host_vendor='unknown'
htmldir='${docdir}'
includedir='${prefix}/include'
infodir='${datarootdir}/info'
install_sh='${SHELL} /home/tangcheng/devel/hi3516c/sources/imedia_rtsp/install-sh'
libdir='${exec_prefix}/lib'
libexecdir='${exec_prefix}/libexec'
localedir='${datarootdir}/locale'
localstatedir='${prefix}/var'
mandir='${datarootdir}/man'
mkdir_p='$(MKDIR_P)'
oldincludedir='/usr/include'
pdfdir='${docdir}'
prefix='NONE'
program_transform_name='s,x,x,'
psdir='${docdir}'
sbindir='${exec_prefix}/sbin'
sharedstatedir='${prefix}/com'
sysconfdir='${prefix}/etc'
target_alias=''

## ----------- ##
## confdefs.h. ##
## ----------- ##

/* confdefs.h */
#define PACKAGE_NAME "imedia_rtsp"
#define PACKAGE_TARNAME "imedia_rtsp"
#define PACKAGE_VERSION "0.1.00"
#define PACKAGE_STRING "imedia_rtsp 0.1.00"
#define PACKAGE_BUGREPORT ""
#define PACKAGE_URL ""
#define PACKAGE "imedia_rtsp"
#define VERSION "0.1.00"
#define STDC_HEADERS 1
#define HAVE_SYS_TYPES_H 1
#define HAVE_SYS_STAT_H 1
#define HAVE_STDLIB_H 1
#define HAVE_STRING_H 1
#define HAVE_MEMORY_H 1
#define HAVE_STRINGS_H 1
#define HAVE_INTTYPES_H 1
#define HAVE_STDINT_H 1
#define HAVE_UNISTD_H 1
#define HAVE_DLFCN_H 1
#define LT_OBJDIR ".libs/"

configure: exit 1
